app/build/outputs/logs/manifest-merger-debug-report.txt
-- Merging decision tree log ---
provider#com.startoonlabs.apps.pheezee.classes.GenericFileProvider
INJECTED from src\main\AndroidManifest.xml:35:9-43:20
	android:grantUriPermissions
		ADDED from src\main\AndroidManifest.xml:39:13-47
	android:authorities
		INJECTED from src\main\AndroidManifest.xml
		ADDED from src\main\AndroidManifest.xml:37:13-76
	android:exported
		ADDED from src\main\AndroidManifest.xml:38:13-37
	android:name
		ADDED from src\main\AndroidManifest.xml:36:13-56
manifest
ADDED from src\main\AndroidManifest.xml:2:1-151:12
INJECTED from src\main\AndroidManifest.xml:2:1-151:12
INJECTED from src\main\AndroidManifest.xml:2:1-151:12
INJECTED from src\main\AndroidManifest.xml:2:1-151:12
MERGED from [com.android.support:multidex:1.0.3] AndroidManifest.xml:17:1-22:12
MERGED from [info.androidhive:barcode-reader:1.1.5] AndroidManifest.xml:2:1-15:12
MERGED from [com.robertlevonyan.view:CustomFloatingActionButton:2.1.1] AndroidManifest.xml:2:1-17:12
MERGED from [com.android.support:design:28.0.0-rc01] AndroidManifest.xml:17:1-24:12
MERGED from [com.squareup.picasso:picasso:2.71828] AndroidManifest.xml:2:1-14:12
MERGED from [com.android.support:exifinterface:28.0.0-rc01] AndroidManifest.xml:17:1-22:12
MERGED from [com.facebook.android:facebook-login:4.35.0] AndroidManifest.xml:21:1-31:12
MERGED from [com.facebook.android:facebook-common:4.35.0] AndroidManifest.xml:21:1-37:12
MERGED from [com.android.support:customtabs:28.0.0-rc01] AndroidManifest.xml:17:1-22:12
MERGED from [com.github.GoodieBag:ProtractorView:v1.2] AndroidManifest.xml:2:1-17:12
MERGED from [com.github.AnyChart:AnyChart-Android:1.1.2] AndroidManifest.xml:2:1-17:12
MERGED from [com.github.igortrncic.dotted-progress-bar:library:1.0.0] AndroidManifest.xml:2:1-16:12
MERGED from [com.alimuzaffar.lib:pinentryedittext:1.3.10] AndroidManifest.xml:2:1-11:12
MERGED from [com.android.support:appcompat-v7:28.0.0] AndroidManifest.xml:17:1-22:12
MERGED from [com.android.support:animated-vector-drawable:28.0.0] AndroidManifest.xml:17:1-22:12
MERGED from [com.jjoe64:graphview:4.2.2] AndroidManifest.xml:2:1-14:12
MERGED from [com.google.android.gms:play-services-vision:17.0.2] AndroidManifest.xml:2:1-9:12
MERGED from [com.google.android.gms:play-services-auth:16.0.1] AndroidManifest.xml:17:1-39:12
MERGED from [com.google.android.gms:play-services-vision-common:17.0.2] AndroidManifest.xml:2:1-9:12
MERGED from [com.google.android.gms:play-services-auth-api-phone:16.0.0] AndroidManifest.xml:2:1-7:12
MERGED from [com.google.android.gms:play-services-auth-base:16.0.0] AndroidManifest.xml:2:1-7:12
MERGED from [com.google.android.gms:play-services-clearcut:16.0.0] AndroidManifest.xml:17:1-24:12
MERGED from [com.google.android.gms:play-services-flags:16.0.1] AndroidManifest.xml:17:1-22:12
MERGED from [com.google.android.gms:play-services-phenotype:16.0.0] AndroidManifest.xml:17:1-24:12
MERGED from [com.google.android.gms:play-services-base:16.0.1] AndroidManifest.xml:17:1-29:12
MERGED from [com.google.android.gms:play-services-tasks:16.0.1] AndroidManifest.xml:2:1-9:12
MERGED from [com.google.android.gms:play-services-basement:16.1.0] AndroidManifest.xml:17:1-28:12
MERGED from [com.android.support:support-v13:28.0.0] AndroidManifest.xml:17:1-22:12
MERGED from [com.android.support:support-v4:28.0.0] AndroidManifest.xml:17:1-22:12
MERGED from [com.android.support.constraint:constraint-layout:1.1.2] AndroidManifest.xml:2:1-11:12
MERGED from [com.github.bumptech.glide:glide:4.8.0] AndroidManifest.xml:2:1-12:12
MERGED from [com.github.warkiz.widget:indicatorseekbar:2.1.0] AndroidManifest.xml:2:1-11:12
MERGED from [no.nordicsemi.android:dfu:1.7.0] AndroidManifest.xml:2:1-14:12
MERGED from [de.hdodenhof:circleimageview:2.2.0] AndroidManifest.xml:2:1-11:12
MERGED from [com.android.support:transition:28.0.0-rc01] AndroidManifest.xml:17:1-22:12
MERGED from [com.android.support:cardview-v7:28.0.0-rc01] AndroidManifest.xml:17:1-22:12
MERGED from [com.android.support:recyclerview-v7:28.0.0-rc01] AndroidManifest.xml:17:1-22:12
MERGED from [com.github.bumptech.glide:gifdecoder:4.8.0] AndroidManifest.xml:2:1-11:12
MERGED from [com.facebook.android:facebook-core:4.35.0] AndroidManifest.xml:21:1-53:12
MERGED from [com.android.support:support-fragment:28.0.0] AndroidManifest.xml:17:1-22:12
MERGED from [com.android.support:support-core-ui:28.0.0] AndroidManifest.xml:17:1-22:12
MERGED from [com.android.support:support-core-utils:28.0.0] AndroidManifest.xml:17:1-22:12
MERGED from [com.android.support:support-vector-drawable:28.0.0] AndroidManifest.xml:17:1-22:12
MERGED from [com.android.support:support-media-compat:28.0.0] AndroidManifest.xml:17:1-22:12
MERGED from [com.android.support:loader:28.0.0] AndroidManifest.xml:17:1-22:12
MERGED from [com.android.support:viewpager:28.0.0] AndroidManifest.xml:17:1-22:12
MERGED from [com.android.support:coordinatorlayout:28.0.0] AndroidManifest.xml:17:1-22:12
MERGED from [com.android.support:drawerlayout:28.0.0] AndroidManifest.xml:17:1-22:12
MERGED from [com.android.support:slidingpanelayout:28.0.0] AndroidManifest.xml:17:1-22:12
MERGED from [com.android.support:customview:28.0.0] AndroidManifest.xml:17:1-22:12
MERGED from [com.android.support:swiperefreshlayout:28.0.0] AndroidManifest.xml:17:1-22:12
MERGED from [com.android.support:asynclayoutinflater:28.0.0] AndroidManifest.xml:17:1-22:12
MERGED from [com.android.support:support-compat:28.0.0] AndroidManifest.xml:17:1-24:12
MERGED from [com.android.support:versionedparcelable:28.0.0] AndroidManifest.xml:17:1-25:12
MERGED from [com.android.support:cursoradapter:28.0.0] AndroidManifest.xml:17:1-22:12
MERGED from [android.arch.lifecycle:runtime:1.1.1] AndroidManifest.xml:17:1-22:12
MERGED from [com.android.support:documentfile:28.0.0] AndroidManifest.xml:17:1-22:12
MERGED from [com.android.support:localbroadcastmanager:28.0.0] AndroidManifest.xml:17:1-22:12
MERGED from [com.android.support:print:28.0.0] AndroidManifest.xml:17:1-22:12
MERGED from [android.arch.lifecycle:viewmodel:1.1.1] AndroidManifest.xml:17:1-22:12
MERGED from [com.android.support:interpolator:28.0.0] AndroidManifest.xml:17:1-22:12
MERGED from [android.arch.lifecycle:livedata:1.1.1] AndroidManifest.xml:17:1-22:12
MERGED from [android.arch.lifecycle:livedata-core:1.1.1] AndroidManifest.xml:17:1-22:12
MERGED from [android.arch.core:runtime:1.1.1] AndroidManifest.xml:17:1-22:12
INJECTED from src\main\AndroidManifest.xml:2:1-151:12
INJECTED from src\main\AndroidManifest.xml:2:1-151:12
INJECTED from src\main\AndroidManifest.xml:2:1-151:12
	package
		ADDED from src\main\AndroidManifest.xml:3:5-44
		INJECTED from src\main\AndroidManifest.xml
		INJECTED from src\main\AndroidManifest.xml
	android:versionName
		INJECTED from src\main\AndroidManifest.xml
		ADDED from src\main\AndroidManifest.xml:2:1-151:12
		INJECTED from src\main\AndroidManifest.xml
	android:versionCode
		INJECTED from src\main\AndroidManifest.xml
		ADDED from src\main\AndroidManifest.xml:2:1-151:12
		INJECTED from src\main\AndroidManifest.xml
	xmlns:android
		ADDED from src\main\AndroidManifest.xml:2:11-69
uses-permission#android.permission.BLUETOOTH
ADDED from src\main\AndroidManifest.xml:5:5-68
MERGED from [no.nordicsemi.android:dfu:1.7.0] AndroidManifest.xml:11:5-68
MERGED from [no.nordicsemi.android:dfu:1.7.0] AndroidManifest.xml:11:5-68
	android:name
		ADDED from src\main\AndroidManifest.xml:5:22-65
uses-permission#android.permission.BLUETOOTH_ADMIN
ADDED from src\main\AndroidManifest.xml:6:5-74
MERGED from [no.nordicsemi.android:dfu:1.7.0] AndroidManifest.xml:12:5-74
MERGED from [no.nordicsemi.android:dfu:1.7.0] AndroidManifest.xml:12:5-74
	android:name
		ADDED from src\main\AndroidManifest.xml:6:22-71
uses-permission#android.permission.ACCESS_COARSE_LOCATION
ADDED from src\main\AndroidManifest.xml:7:5-81
	android:name
		ADDED from src\main\AndroidManifest.xml:7:22-78
uses-permission#android.permission.ACCESS_FINE_LOCATION
ADDED from src\main\AndroidManifest.xml:8:5-79
	android:name
		ADDED from src\main\AndroidManifest.xml:8:22-76
uses-permission#android.permission.USE_CREDENTIALS
ADDED from src\main\AndroidManifest.xml:9:5-74
	android:name
		ADDED from src\main\AndroidManifest.xml:9:22-71
uses-permission#android.permission.WRITE_EXTERNAL_STORAGE
ADDED from src\main\AndroidManifest.xml:10:5-81
	android:name
		ADDED from src\main\AndroidManifest.xml:10:22-78
uses-permission#android.permission.READ_EXTERNAL_STORAGE
ADDED from src\main\AndroidManifest.xml:11:5-80
	android:name
		ADDED from src\main\AndroidManifest.xml:11:22-77
uses-permission#android.permission.WAKE_LOCK
ADDED from src\main\AndroidManifest.xml:12:5-68
	android:name
		ADDED from src\main\AndroidManifest.xml:12:22-65
uses-permission#android.permission.INTERNET
ADDED from src\main\AndroidManifest.xml:13:5-67
	android:name
		ADDED from src\main\AndroidManifest.xml:13:22-64
uses-permission#android.permission.ACCESS_NETWORK_STATE
ADDED from src\main\AndroidManifest.xml:14:5-79
	android:name
		ADDED from src\main\AndroidManifest.xml:14:22-76
uses-permission#android.permission.READ_PHONE_STATE
ADDED from src\main\AndroidManifest.xml:15:5-75
	android:name
		ADDED from src\main\AndroidManifest.xml:15:22-72
uses-permission#android.permission.CAMERA
ADDED from src\main\AndroidManifest.xml:16:5-65
MERGED from [info.androidhive:barcode-reader:1.1.5] AndroidManifest.xml:11:5-65
MERGED from [info.androidhive:barcode-reader:1.1.5] AndroidManifest.xml:11:5-65
	android:name
		ADDED from src\main\AndroidManifest.xml:16:22-62
uses-feature#android.hardware.bluetooth_le
ADDED from src\main\AndroidManifest.xml:18:5-20:35
	android:required
		ADDED from src\main\AndroidManifest.xml:20:9-32
	android:name
		ADDED from src\main\AndroidManifest.xml:19:9-53
application
ADDED from src\main\AndroidManifest.xml:24:5-149:19
MERGED from [com.robertlevonyan.view:CustomFloatingActionButton:2.1.1] AndroidManifest.xml:11:5-15:19
MERGED from [com.robertlevonyan.view:CustomFloatingActionButton:2.1.1] AndroidManifest.xml:11:5-15:19
MERGED from [com.android.support:design:28.0.0-rc01] AndroidManifest.xml:22:5-20
MERGED from [com.android.support:design:28.0.0-rc01] AndroidManifest.xml:22:5-20
MERGED from [com.squareup.picasso:picasso:2.71828] AndroidManifest.xml:7:5-12:19
MERGED from [com.squareup.picasso:picasso:2.71828] AndroidManifest.xml:7:5-12:19
MERGED from [com.facebook.android:facebook-login:4.35.0] AndroidManifest.xml:28:5-29:19
MERGED from [com.facebook.android:facebook-login:4.35.0] AndroidManifest.xml:28:5-29:19
MERGED from [com.facebook.android:facebook-common:4.35.0] AndroidManifest.xml:28:5-35:19
MERGED from [com.facebook.android:facebook-common:4.35.0] AndroidManifest.xml:28:5-35:19
MERGED from [com.github.GoodieBag:ProtractorView:v1.2] AndroidManifest.xml:11:5-15:19
MERGED from [com.github.GoodieBag:ProtractorView:v1.2] AndroidManifest.xml:11:5-15:19
MERGED from [com.github.AnyChart:AnyChart-Android:1.1.2] AndroidManifest.xml:11:5-15:19
MERGED from [com.github.AnyChart:AnyChart-Android:1.1.2] AndroidManifest.xml:11:5-15:19
MERGED from [com.github.igortrncic.dotted-progress-bar:library:1.0.0] AndroidManifest.xml:11:5-14:19
MERGED from [com.github.igortrncic.dotted-progress-bar:library:1.0.0] AndroidManifest.xml:11:5-14:19
MERGED from [com.jjoe64:graphview:4.2.2] AndroidManifest.xml:11:5-12:19
MERGED from [com.jjoe64:graphview:4.2.2] AndroidManifest.xml:11:5-12:19
MERGED from [com.google.android.gms:play-services-vision:17.0.2] AndroidManifest.xml:7:5-20
MERGED from [com.google.android.gms:play-services-vision:17.0.2] AndroidManifest.xml:7:5-20
MERGED from [com.google.android.gms:play-services-auth:16.0.1] AndroidManifest.xml:22:5-37:19
MERGED from [com.google.android.gms:play-services-auth:16.0.1] AndroidManifest.xml:22:5-37:19
MERGED from [com.google.android.gms:play-services-vision-common:17.0.2] AndroidManifest.xml:7:5-20
MERGED from [com.google.android.gms:play-services-vision-common:17.0.2] AndroidManifest.xml:7:5-20
MERGED from [com.google.android.gms:play-services-clearcut:16.0.0] AndroidManifest.xml:22:5-20
MERGED from [com.google.android.gms:play-services-clearcut:16.0.0] AndroidManifest.xml:22:5-20
MERGED from [com.google.android.gms:play-services-phenotype:16.0.0] AndroidManifest.xml:22:5-20
MERGED from [com.google.android.gms:play-services-phenotype:16.0.0] AndroidManifest.xml:22:5-20
MERGED from [com.google.android.gms:play-services-base:16.0.1] AndroidManifest.xml:22:5-27:19
MERGED from [com.google.android.gms:play-services-base:16.0.1] AndroidManifest.xml:22:5-27:19
MERGED from [com.google.android.gms:play-services-tasks:16.0.1] AndroidManifest.xml:7:5-20
MERGED from [com.google.android.gms:play-services-tasks:16.0.1] AndroidManifest.xml:7:5-20
MERGED from [com.google.android.gms:play-services-basement:16.1.0] AndroidManifest.xml:22:5-26:19
MERGED from [com.google.android.gms:play-services-basement:16.1.0] AndroidManifest.xml:22:5-26:19
MERGED from [com.android.support.constraint:constraint-layout:1.1.2] AndroidManifest.xml:9:5-20
MERGED from [com.android.support.constraint:constraint-layout:1.1.2] AndroidManifest.xml:9:5-20
MERGED from [com.github.bumptech.glide:glide:4.8.0] AndroidManifest.xml:10:5-20
MERGED from [com.github.bumptech.glide:glide:4.8.0] AndroidManifest.xml:10:5-20
MERGED from [de.hdodenhof:circleimageview:2.2.0] AndroidManifest.xml:9:5-20
MERGED from [de.hdodenhof:circleimageview:2.2.0] AndroidManifest.xml:9:5-20
MERGED from [com.github.bumptech.glide:gifdecoder:4.8.0] AndroidManifest.xml:9:5-20
MERGED from [com.github.bumptech.glide:gifdecoder:4.8.0] AndroidManifest.xml:9:5-20
MERGED from [com.facebook.android:facebook-core:4.35.0] AndroidManifest.xml:28:5-51:19
MERGED from [com.facebook.android:facebook-core:4.35.0] AndroidManifest.xml:28:5-51:19
MERGED from [com.android.support:support-compat:28.0.0] AndroidManifest.xml:22:5-94
MERGED from [com.android.support:support-compat:28.0.0] AndroidManifest.xml:22:5-94
MERGED from [com.android.support:versionedparcelable:28.0.0] AndroidManifest.xml:22:5-23:19
MERGED from [com.android.support:versionedparcelable:28.0.0] AndroidManifest.xml:22:5-23:19
	android:appComponentFactory
		ADDED from [com.android.support:support-compat:28.0.0] AndroidManifest.xml:22:18-91
	android:supportsRtl
		ADDED from src\main\AndroidManifest.xml:31:9-35
	android:label
		ADDED from src\main\AndroidManifest.xml:29:9-41
	android:fullBackupContent
		ADDED from src\main\AndroidManifest.xml:27:9-41
	android:largeHeap
		ADDED from src\main\AndroidManifest.xml:30:9-33
	android:icon
		ADDED from src\main\AndroidManifest.xml:28:9-52
	android:allowBackup
		ADDED from src\main\AndroidManifest.xml:26:9-35
	android:theme
		ADDED from src\main\AndroidManifest.xml:32:9-40
	android:name
		ADDED from src\main\AndroidManifest.xml:25:9-28
meta-data#com.facebook.sdk.ApplicationId
ADDED from src\main\AndroidManifest.xml:45:9-47:55
	android:value
		ADDED from src\main\AndroidManifest.xml:47:13-52
	android:name
		ADDED from src\main\AndroidManifest.xml:46:13-58
activity#com.facebook.FacebookActivity
ADDED from src\main\AndroidManifest.xml:49:9-52:48
MERGED from [com.facebook.android:facebook-common:4.35.0] AndroidManifest.xml:29:9-32:66
MERGED from [com.facebook.android:facebook-common:4.35.0] AndroidManifest.xml:29:9-32:66
	android:label
		ADDED from src\main\AndroidManifest.xml:52:13-45
	android:configChanges
		ADDED from src\main\AndroidManifest.xml:51:13-96
	android:theme
		ADDED from [com.facebook.android:facebook-common:4.35.0] AndroidManifest.xml:32:13-63
	android:name
		ADDED from src\main\AndroidManifest.xml:50:13-57
activity#com.facebook.CustomTabActivity
ADDED from src\main\AndroidManifest.xml:53:9-64:20
MERGED from [com.facebook.android:facebook-common:4.35.0] AndroidManifest.xml:34:9-67
MERGED from [com.facebook.android:facebook-common:4.35.0] AndroidManifest.xml:34:9-67
	android:exported
		ADDED from src\main\AndroidManifest.xml:55:13-36
	android:name
		ADDED from src\main\AndroidManifest.xml:54:13-58
intent-filter#action:name:android.intent.action.VIEW+category:name:android.intent.category.BROWSABLE+category:name:android.intent.category.DEFAULT+data:scheme:@string/fb_login_protocol_scheme
ADDED from src\main\AndroidManifest.xml:56:13-63:29
action#android.intent.action.VIEW
ADDED from src\main\AndroidManifest.xml:57:17-69
	android:name
		ADDED from src\main\AndroidManifest.xml:57:25-66
category#android.intent.category.DEFAULT
ADDED from src\main\AndroidManifest.xml:59:17-76
	android:name
		ADDED from src\main\AndroidManifest.xml:59:27-73
category#android.intent.category.BROWSABLE
ADDED from src\main\AndroidManifest.xml:60:17-78
	android:name
		ADDED from src\main\AndroidManifest.xml:60:27-75
data
ADDED from src\main\AndroidManifest.xml:62:17-75
	android:scheme
		ADDED from src\main\AndroidManifest.xml:62:23-72
service#org.eclipse.paho.android.service.MqttService
ADDED from src\main\AndroidManifest.xml:66:9-80
	android:name
		ADDED from src\main\AndroidManifest.xml:66:18-77
service#com.startoonlabs.apps.pheezee.MqttService
ADDED from src\main\AndroidManifest.xml:67:9-48
	android:name
		ADDED from src\main\AndroidManifest.xml:67:18-45
activity#com.startoonlabs.apps.pheezee.services.Scanner
ADDED from src\main\AndroidManifest.xml:68:9-70:59
	android:theme
		ADDED from src\main\AndroidManifest.xml:70:13-56
	android:name
		ADDED from src\main\AndroidManifest.xml:69:13-45
activity#com.startoonlabs.apps.pheezee.activities.LoginActivity
ADDED from src\main\AndroidManifest.xml:71:9-74:64
	android:screenOrientation
		ADDED from src\main\AndroidManifest.xml:73:13-49
	android:theme
		ADDED from src\main\AndroidManifest.xml:74:13-61
	android:name
		ADDED from src\main\AndroidManifest.xml:72:13-53
activity#com.startoonlabs.apps.pheezee.activities.PatientsView
ADDED from src\main\AndroidManifest.xml:75:9-77:59
	android:theme
		ADDED from src\main\AndroidManifest.xml:77:13-56
	android:name
		ADDED from src\main\AndroidManifest.xml:76:13-52
receiver#com.startoonlabs.apps.pheezee.services.BluetoothReceiver
ADDED from src\main\AndroidManifest.xml:79:9-87:20
	android:name
		ADDED from src\main\AndroidManifest.xml:79:19-61
intent-filter#action:name:android.bluetooth.a2dp.profile.action.CONNECTION_STATE_CHANGED+action:name:android.bluetooth.adapter.action.ACL_CONNECTED+action:name:android.bluetooth.adapter.action.ACL_DISCONNECTED+action:name:android.bluetooth.adapter.action.STATE_CHANGED+action:name:android.bluetooth.device.action.BOND_STATE_CHANGED
ADDED from src\main\AndroidManifest.xml:80:13-86:29
action#android.bluetooth.adapter.action.ACL_CONNECTED
ADDED from src\main\AndroidManifest.xml:81:17-89
	android:name
		ADDED from src\main\AndroidManifest.xml:81:25-86
action#android.bluetooth.adapter.action.ACL_DISCONNECTED
ADDED from src\main\AndroidManifest.xml:82:17-92
	android:name
		ADDED from src\main\AndroidManifest.xml:82:25-89
action#android.bluetooth.adapter.action.STATE_CHANGED
ADDED from src\main\AndroidManifest.xml:83:17-89
	android:name
		ADDED from src\main\AndroidManifest.xml:83:25-86
action#android.bluetooth.device.action.BOND_STATE_CHANGED
ADDED from src\main\AndroidManifest.xml:84:17-93
	android:name
		ADDED from src\main\AndroidManifest.xml:84:25-90
action#android.bluetooth.a2dp.profile.action.CONNECTION_STATE_CHANGED
ADDED from src\main\AndroidManifest.xml:85:17-105
	android:name
		ADDED from src\main\AndroidManifest.xml:85:25-102
receiver#com.startoonlabs.apps.pheezee.ConnectivityChangeReceiver
ADDED from src\main\AndroidManifest.xml:88:9-92:20
	android:name
		ADDED from src\main\AndroidManifest.xml:88:19-61
intent-filter#action:name:android.net.conn.CONNECTIVITY_CHANGE
ADDED from src\main\AndroidManifest.xml:89:13-91:29
action#android.net.conn.CONNECTIVITY_CHANGE
ADDED from src\main\AndroidManifest.xml:90:17-79
	android:name
		ADDED from src\main\AndroidManifest.xml:90:25-76
service#com.startoonlabs.apps.pheezee.dfu.DfuService
ADDED from src\main\AndroidManifest.xml:94:9-103:19
	android:label
		ADDED from src\main\AndroidManifest.xml:97:13-54
	android:exported
		ADDED from src\main\AndroidManifest.xml:96:13-36
	android:name
		ADDED from src\main\AndroidManifest.xml:95:13-43
intent-filter#action:name:no.nordicsemi.android.action.DFU_UPLOAD+category:name:android.intent.category.DEFAULT
ADDED from src\main\AndroidManifest.xml:98:13-102:29
action#no.nordicsemi.android.action.DFU_UPLOAD
ADDED from src\main\AndroidManifest.xml:99:17-82
	android:name
		ADDED from src\main\AndroidManifest.xml:99:25-79
activity#com.startoonlabs.apps.pheezee.activities.OnStartActivity
ADDED from src\main\AndroidManifest.xml:105:9-114:20
	android:exported
		ADDED from src\main\AndroidManifest.xml:107:13-36
	android:theme
		ADDED from src\main\AndroidManifest.xml:108:13-56
	android:name
		ADDED from src\main\AndroidManifest.xml:106:13-55
intent-filter#action:name:android.intent.action.MAIN+category:name:android.intent.category.LAUNCHER
ADDED from src\main\AndroidManifest.xml:109:13-113:29
action#android.intent.action.MAIN
ADDED from src\main\AndroidManifest.xml:110:17-69
	android:name
		ADDED from src\main\AndroidManifest.xml:110:25-66
category#android.intent.category.LAUNCHER
ADDED from src\main\AndroidManifest.xml:112:17-77
	android:name
		ADDED from src\main\AndroidManifest.xml:112:27-74
activity#com.startoonlabs.apps.pheezee.activities.ScanDevicesActivity
ADDED from src\main\AndroidManifest.xml:115:9-119:59
	android:screenOrientation
		ADDED from src\main\AndroidManifest.xml:118:13-49
	android:label
		ADDED from src\main\AndroidManifest.xml:117:13-64
	android:theme
		ADDED from src\main\AndroidManifest.xml:119:13-56
	android:name
		ADDED from src\main\AndroidManifest.xml:116:13-59
activity#com.startoonlabs.apps.pheezee.activities.RawDataCollection
ADDED from src\main\AndroidManifest.xml:120:9-66
	android:name
		ADDED from src\main\AndroidManifest.xml:120:19-63
activity#com.startoonlabs.apps.pheezee.dfu.DfuActivity
ADDED from src\main\AndroidManifest.xml:121:9-53
	android:name
		ADDED from src\main\AndroidManifest.xml:121:19-50
activity#com.startoonlabs.apps.pheezee.activities.SignUpActivity
ADDED from src\main\AndroidManifest.xml:122:9-124:72
	android:theme
		ADDED from src\main\AndroidManifest.xml:124:13-69
	android:name
		ADDED from src\main\AndroidManifest.xml:123:13-54
activity#com.startoonlabs.apps.pheezee.activities.PhizioProfile
ADDED from src\main\AndroidManifest.xml:125:9-128:59
	android:screenOrientation
		ADDED from src\main\AndroidManifest.xml:127:13-49
	android:theme
		ADDED from src\main\AndroidManifest.xml:128:13-56
	android:name
		ADDED from src\main\AndroidManifest.xml:126:13-53
activity#com.startoonlabs.apps.pheezee.activities.DeviceInfoActivity
ADDED from src\main\AndroidManifest.xml:129:9-132:59
	android:screenOrientation
		ADDED from src\main\AndroidManifest.xml:131:13-49
	android:theme
		ADDED from src\main\AndroidManifest.xml:132:13-56
	android:name
		ADDED from src\main\AndroidManifest.xml:130:13-58
activity#com.startoonlabs.apps.pheezee.activities.BodyPartSelection
ADDED from src\main\AndroidManifest.xml:133:9-136:59
	android:screenOrientation
		ADDED from src\main\AndroidManifest.xml:135:13-49
	android:theme
		ADDED from src\main\AndroidManifest.xml:136:13-56
	android:name
		ADDED from src\main\AndroidManifest.xml:134:13-57
activity#com.startoonlabs.apps.pheezee.activities.MonitorActivity
ADDED from src\main\AndroidManifest.xml:137:9-142:59
	android:screenOrientation
		ADDED from src\main\AndroidManifest.xml:140:13-49
	android:hardwareAccelerated
		ADDED from src\main\AndroidManifest.xml:141:13-47
	android:configChanges
		ADDED from src\main\AndroidManifest.xml:139:13-96
	android:theme
		ADDED from src\main\AndroidManifest.xml:142:13-56
	android:name
		ADDED from src\main\AndroidManifest.xml:138:13-55
activity#com.startoonlabs.apps.pheezee.activities.SessionReportActivity
ADDED from src\main\AndroidManifest.xml:143:9-146:59
	android:screenOrientation
		ADDED from src\main\AndroidManifest.xml:145:13-49
	android:theme
		ADDED from src\main\AndroidManifest.xml:146:13-56
	android:name
		ADDED from src\main\AndroidManifest.xml:144:13-61
activity#com.startoonlabs.apps.pheezee.activities.AppInfo
ADDED from src\main\AndroidManifest.xml:147:9-148:68
	android:theme
		ADDED from src\main\AndroidManifest.xml:148:13-56
	android:name
		ADDED from src\main\AndroidManifest.xml:147:19-53
uses-sdk
INJECTED from src\main\AndroidManifest.xml reason: use-sdk injection requested
INJECTED from src\main\AndroidManifest.xml
INJECTED from src\main\AndroidManifest.xml
MERGED from [com.android.support:multidex:1.0.3] AndroidManifest.xml:20:5-43
MERGED from [com.android.support:multidex:1.0.3] AndroidManifest.xml:20:5-43
MERGED from [info.androidhive:barcode-reader:1.1.5] AndroidManifest.xml:7:5-9:41
MERGED from [info.androidhive:barcode-reader:1.1.5] AndroidManifest.xml:7:5-9:41
MERGED from [com.robertlevonyan.view:CustomFloatingActionButton:2.1.1] AndroidManifest.xml:7:5-9:41
MERGED from [com.robertlevonyan.view:CustomFloatingActionButton:2.1.1] AndroidManifest.xml:7:5-9:41
MERGED from [com.android.support:design:28.0.0-rc01] AndroidManifest.xml:20:5-44
MERGED from [com.android.support:design:28.0.0-rc01] AndroidManifest.xml:20:5-44
MERGED from [com.squareup.picasso:picasso:2.71828] AndroidManifest.xml:5:5-44
MERGED from [com.squareup.picasso:picasso:2.71828] AndroidManifest.xml:5:5-44
MERGED from [com.android.support:exifinterface:28.0.0-rc01] AndroidManifest.xml:20:5-44
MERGED from [com.android.support:exifinterface:28.0.0-rc01] AndroidManifest.xml:20:5-44
MERGED from [com.facebook.android:facebook-login:4.35.0] AndroidManifest.xml:24:5-26:41
MERGED from [com.facebook.android:facebook-login:4.35.0] AndroidManifest.xml:24:5-26:41
MERGED from [com.facebook.android:facebook-common:4.35.0] AndroidManifest.xml:24:5-26:41
MERGED from [com.facebook.android:facebook-common:4.35.0] AndroidManifest.xml:24:5-26:41
MERGED from [com.android.support:customtabs:28.0.0-rc01] AndroidManifest.xml:20:5-44
MERGED from [com.android.support:customtabs:28.0.0-rc01] AndroidManifest.xml:20:5-44
MERGED from [com.github.GoodieBag:ProtractorView:v1.2] AndroidManifest.xml:7:5-9:41
MERGED from [com.github.GoodieBag:ProtractorView:v1.2] AndroidManifest.xml:7:5-9:41
MERGED from [com.github.AnyChart:AnyChart-Android:1.1.2] AndroidManifest.xml:7:5-9:41
MERGED from [com.github.AnyChart:AnyChart-Android:1.1.2] AndroidManifest.xml:7:5-9:41
MERGED from [com.github.igortrncic.dotted-progress-bar:library:1.0.0] AndroidManifest.xml:7:5-9:41
MERGED from [com.github.igortrncic.dotted-progress-bar:library:1.0.0] AndroidManifest.xml:7:5-9:41
MERGED from [com.alimuzaffar.lib:pinentryedittext:1.3.10] AndroidManifest.xml:7:5-9:41
MERGED from [com.alimuzaffar.lib:pinentryedittext:1.3.10] AndroidManifest.xml:7:5-9:41
MERGED from [com.android.support:appcompat-v7:28.0.0] AndroidManifest.xml:20:5-44
MERGED from [com.android.support:appcompat-v7:28.0.0] AndroidManifest.xml:20:5-44
MERGED from [com.android.support:animated-vector-drawable:28.0.0] AndroidManifest.xml:20:5-44
MERGED from [com.android.support:animated-vector-drawable:28.0.0] AndroidManifest.xml:20:5-44
MERGED from [com.jjoe64:graphview:4.2.2] AndroidManifest.xml:7:5-9:41
MERGED from [com.jjoe64:graphview:4.2.2] AndroidManifest.xml:7:5-9:41
MERGED from [com.google.android.gms:play-services-vision:17.0.2] AndroidManifest.xml:5:5-44
MERGED from [com.google.android.gms:play-services-vision:17.0.2] AndroidManifest.xml:5:5-44
MERGED from [com.google.android.gms:play-services-auth:16.0.1] AndroidManifest.xml:20:5-44
MERGED from [com.google.android.gms:play-services-auth:16.0.1] AndroidManifest.xml:20:5-44
MERGED from [com.google.android.gms:play-services-vision-common:17.0.2] AndroidManifest.xml:5:5-44
MERGED from [com.google.android.gms:play-services-vision-common:17.0.2] AndroidManifest.xml:5:5-44
MERGED from [com.google.android.gms:play-services-auth-api-phone:16.0.0] AndroidManifest.xml:5:5-44
MERGED from [com.google.android.gms:play-services-auth-api-phone:16.0.0] AndroidManifest.xml:5:5-44
MERGED from [com.google.android.gms:play-services-auth-base:16.0.0] AndroidManifest.xml:5:5-44
MERGED from [com.google.android.gms:play-services-auth-base:16.0.0] AndroidManifest.xml:5:5-44
MERGED from [com.google.android.gms:play-services-clearcut:16.0.0] AndroidManifest.xml:20:5-44
MERGED from [com.google.android.gms:play-services-clearcut:16.0.0] AndroidManifest.xml:20:5-44
MERGED from [com.google.android.gms:play-services-flags:16.0.1] AndroidManifest.xml:20:5-44
MERGED from [com.google.android.gms:play-services-flags:16.0.1] AndroidManifest.xml:20:5-44
MERGED from [com.google.android.gms:play-services-phenotype:16.0.0] AndroidManifest.xml:20:5-44
MERGED from [com.google.android.gms:play-services-phenotype:16.0.0] AndroidManifest.xml:20:5-44
MERGED from [com.google.android.gms:play-services-base:16.0.1] AndroidManifest.xml:20:5-44
MERGED from [com.google.android.gms:play-services-base:16.0.1] AndroidManifest.xml:20:5-44
MERGED from [com.google.android.gms:play-services-tasks:16.0.1] AndroidManifest.xml:5:5-44
MERGED from [com.google.android.gms:play-services-tasks:16.0.1] AndroidManifest.xml:5:5-44
MERGED from [com.google.android.gms:play-services-basement:16.1.0] AndroidManifest.xml:20:5-44
MERGED from [com.google.android.gms:play-services-basement:16.1.0] AndroidManifest.xml:20:5-44
MERGED from [com.android.support:support-v13:28.0.0] AndroidManifest.xml:20:5-44
MERGED from [com.android.support:support-v13:28.0.0] AndroidManifest.xml:20:5-44
MERGED from [com.android.support:support-v4:28.0.0] AndroidManifest.xml:20:5-44
MERGED from [com.android.support:support-v4:28.0.0] AndroidManifest.xml:20:5-44
MERGED from [com.android.support.constraint:constraint-layout:1.1.2] AndroidManifest.xml:5:5-7:41
MERGED from [com.android.support.constraint:constraint-layout:1.1.2] AndroidManifest.xml:5:5-7:41
MERGED from [com.github.bumptech.glide:glide:4.8.0] AndroidManifest.xml:6:5-8:41
MERGED from [com.github.bumptech.glide:glide:4.8.0] AndroidManifest.xml:6:5-8:41